2025-12-11T04:13:34.026Z - info: Initializing jsreport (version: 4.10.1, configuration file: jsreport.config.json, nodejs: 22.13.0)
2025-12-11T04:13:34.032Z - info: Searching for available extensions in C:\Users\kiere\Documents\GitHub\soy-ucab-backend\jsreportapp\
2025-12-11T04:13:34.038Z - info: Extensions location cache C:\Users\kiere\AppData\Local\Temp\jsreport\core\locations.json contains older information, crawling
2025-12-11T04:13:36.164Z - info: Found 35 extension(s)
2025-12-11T04:13:36.336Z - info: Using extension base@4.0.0
2025-12-11T04:13:36.345Z - info: Using extension child-templates@4.1.0
2025-12-11T04:13:36.351Z - info: Using extension cli@4.1.2
2025-12-11T04:13:36.355Z - info: Using extension components@4.0.2
2025-12-11T04:13:36.362Z - info: Using extension data@4.1.0
2025-12-11T04:13:36.366Z - info: Using extension express@4.2.3
2025-12-11T04:13:37.655Z - info: Using extension freeze@4.0.0
2025-12-11T04:13:37.659Z - info: Using extension fs-store@4.1.1
2025-12-11T04:13:38.100Z - info: Using extension handlebars@4.0.1
2025-12-11T04:13:38.104Z - info: Using extension import-export@4.0.8
2025-12-11T04:13:38.145Z - info: Using extension jsrender@4.0.0
2025-12-11T04:13:38.148Z - info: Using extension licensing@4.0.5
2025-12-11T04:13:38.161Z - info: Using extension localization@4.0.1
2025-12-11T04:13:38.164Z - info: Using extension npm@4.0.1
2025-12-11T04:13:38.173Z - info: Using extension pdf-utils@4.4.1
2025-12-11T04:13:38.181Z - info: Using extension reports@4.1.5
2025-12-11T04:13:38.188Z - info: Using extension tags@4.0.1
2025-12-11T04:13:38.194Z - info: Using extension text@4.0.2
2025-12-11T04:13:38.197Z - info: Using extension version-control@4.1.1
2025-12-11T04:13:38.220Z - info: Using extension assets@4.2.3
2025-12-11T04:13:38.264Z - info: Using extension authorization@4.1.0
2025-12-11T04:13:38.286Z - info: Using extension browser-client@4.1.0
2025-12-11T04:13:38.298Z - info: Using extension chrome-pdf@4.3.0
2025-12-11T04:13:38.310Z - info: Using extension docx@4.9.0
2025-12-11T04:13:38.316Z - info: Using extension html-to-xlsx@4.2.4
2025-12-11T04:13:39.095Z - info: html-to-xlsx detected chrome as available html engine
2025-12-11T04:13:39.096Z - info: Using extension pptx@4.4.2
2025-12-11T04:13:39.101Z - info: Using extension scheduling@4.1.0
2025-12-11T04:13:39.201Z - info: Using extension scripts@4.2.0
2025-12-11T04:13:39.205Z - info: Using extension static-pdf@4.1.0
2025-12-11T04:13:39.207Z - info: Using extension studio@4.3.2
2025-12-11T04:13:39.477Z - info: Using extension xlsx@4.5.1
2025-12-11T04:13:39.482Z - info: Using extension public-templates@4.0.0
2025-12-11T04:13:39.487Z - info: Using extension sample-template@4.0.2
2025-12-11T04:13:39.492Z - info: Using extension studio-theme-dark@4.0.0
2025-12-11T04:13:39.497Z - info: Using general timeout for rendering (reportTimeout: 60000)
2025-12-11T04:13:39.497Z - info: Using fs provider for template store.
2025-12-11T04:13:39.503Z - info: fs store is persisting using fs for C:\Users\kiere\Documents\GitHub\soy-ucab-backend\jsreportapp\data
2025-12-11T04:13:39.509Z - info: fs store is loading data
2025-12-11T04:13:39.520Z - info: fs store is initialized successfully
2025-12-11T04:13:39.531Z - info: Creating default express app.
2025-12-11T04:13:39.662Z - info: jsreport server successfully started on http port: 5488
2025-12-11T04:13:39.666Z - info: Verifying license key free
2025-12-11T04:13:39.668Z - info: Using free license
2025-12-11T04:13:39.684Z - info: pdf footers check started
2025-12-11T04:13:39.686Z - info: pdf footers check finished without found problems
2025-12-11T04:13:39.707Z - info: Migrating templates chrome settings (waitForNetworkIddle -> waitForNetworkIdle)
2025-12-11T04:13:39.719Z - info: Migration successful
2025-12-11T04:13:39.926Z - info: Initializing worker threads
2025-12-11T04:13:41.579Z - info: 2 worker threads initialized in 1653ms
2025-12-11T04:13:41.580Z - info: Starting temp files cleanup with 180000ms threshold
2025-12-11T04:13:41.581Z - info: reporter initialized
